SQL> -- ------------------------------------------------------------
SQL> --
SQL> -- Name: < ***** PLEASE ENTER YOUR NAME HERE ***** >
SQL> --
SQL> -- -------------------------------------------------------------
SQL> --
SQL> -- NULL AND SUBSTRINGS -------------------------------
SQL> --
SQL> /*(10B)
SQL> Find the ssn and last name of every employee whose ssn contains two consecutive 8's, and has a supervisor. Sort the results by ssn.
SQL> */
SQL> SELECT Ssn, Lname
  2  FROM EMPLOYEE
  3  WHERE Ssn LIKE '%88%' AND
  4  	     Super_ssn IS NOT NULL
  5  ORDER BY Ssn;

SSN       LNAME                                                                 
--------- ---------------                                                       
666884444 Narayan                                                               
999887777 Zelaya                                                                

SQL> --
SQL> -- JOINING 3 TABLES ------------------------------
SQL> --
SQL> /*(11B)
SQL> For every employee who works for more than 20 hours on any project that is controlled by the research department: Find the ssn, project number, and number of hours. Sort the results by ssn.
SQL> */
SQL> SELECT DISTINCT E.Ssn, P.Pnumber, W.Hours
  2  FROM Employee E, Project P, WORKS_ON W
  3  WHERE W.Hours > 20 AND
  4  	     P.Dnum = 5 AND
  5  	     W.Essn = E.Ssn AND
  6  	     W.Pno = P.Pnumber
  7  ORDER BY E.Ssn;

SSN          PNUMBER      HOURS                                                 
--------- ---------- ----------                                                 
123456789          1       32.5                                                 
666884444          3         40                                                 

SQL> --
SQL> -- JOINING 3 TABLES ---------------------------
SQL> --
SQL> /*(12B)
SQL> Write a query that consists of one block only.
SQL> For every employee who works less than 10 hours on any project that is controlled by the department he works for:
SQL> Find the employee's lname, his department number, project number, the number of the department controlling it, and the number of hours he works on that project. Sort the results by lname.
SQL> */
SQL> SELECT DISTINCT E.Lname, D.Dnumber, P.Pnumber, P.Dnum, W.Hours
  2  FROM Employee E, Project P, Department D, WORKS_ON W
  3  WHERE W.Hours < 10 AND
  4  	     E.Dno = P.Dnum AND
  5  	     E.Dno = D.Dnumber AND
  6  	     E.Ssn = W.Essn AND
  7  	     P.Pnumber = W.Pno
  8  ORDER BY E.Lname;

LNAME              DNUMBER    PNUMBER       DNUM      HOURS                     
--------------- ---------- ---------- ---------- ----------                     
Jabbar                   4         30          4          5                     
Smith                    5          2          5        7.5                     

SQL> --
SQL> -- JOINING 4 TABLES -------------------------
SQL> --
SQL> /*(13B)
SQL> For every employee who works on any project that is located in Houston: Find the employees ssn and lname, and the names of his/her dependent(s) and their relationship(s) to the employee.
SQL> Notice that there will be one row per qualyfing dependent. Sort the results by employee lname.
SQL> */
SQL> SELECT DISTINCT E.Ssn, E.Lname, D.Dependent_name, D.Relationship
  2  FROM Employee E, Dependent D, WORKS_ON W, Project P
  3  WHERE P.Plocation ='Houston' AND
  4  	     E.Ssn = D.Essn AND
  5  	     E.Ssn = W.Essn AND
  6  	     E.Dno = P.Dnum AND
  7  	     W.Pno = P.PNumber AND
  8  	     W.Essn = D.Essn
  9  ORDER BY E.Lname;

SSN       LNAME           DEPENDENT_NAME  RELATION                              
--------- --------------- --------------- --------                              
333445555 Wong            Alice           Daughter                              
333445555 Wong            Joy             Spouse                                
333445555 Wong            Theodore        Son                                   

SQL> --
SQL> -- SELF JOIN -------------------------------------------
SQL> --
SQL> /*(14B)
SQL> Write a query that consists of one block only.
SQL> For every employee who works for a department that is different from his supervisor's department: Find his ssn, lname, department number; and his supervisor's ssn, lname, and department number.
SQL> Sort the results by ssn.
SQL> */
SQL> SELECT E1.Ssn, E1.Lname, E1.Dno, E2.Ssn AS Supervisor_Ssn, E2.Lname AS Supervisor_Lname, E2.Dno AS Supervisor_Dno
  2  FROM Employee E1, Employee E2
  3  WHERE E1.Super_ssn = E2.Ssn AND
  4  	     E1.Dno <> E2.Dno
  5  ORDER BY E1.Ssn;

SSN       LNAME                  DNO SUPERVISO SUPERVISOR_LNAM SUPERVISOR_DNO   
--------- --------------- ---------- --------- --------------- --------------   
333445555 Wong                     5 888665555 Borg                         1   
987654321 Wallace                  4 888665555 Borg                         1   

SQL> --
SQL> -- USING MORE THAN ONE RANGE VARIABLE ON ONE TABLE -------------------
SQL> --
SQL> /*(15B)
SQL> Find pairs of employee lname's such that the two employees in the pair work on the same project for the same number of hours.
SQL> List every pair once only. Sort the result by the lname in the left column in the result.
SQL> */
SQL> SELECT DISTINCT E1.Lname AS FirstLname, E2.Lname AS SecondLname
  2  FROM Employee E1, Employee E2, WORKS_ON W1, WORKS_ON W2
  3  WHERE W1.Pno = W2.Pno AND
  4  	     W1.Hours = W2.Hours AND
  5  	     E1.Ssn <> E2.Ssn AND
  6  	     E1.Ssn = W1.Essn AND
  7  	     E2.Ssn = W2.Essn AND
  8  	     E1.Ssn < E2.Ssn
  9  ORDER BY E1.Lname;

FIRSTLNAME      SECONDLNAME                                                     
--------------- ---------------                                                 
Wong            Zelaya                                                          

SQL> --
SQL> /*(16B)
SQL> For every employee who has more than one dependent: Find the ssn, lname, and number of dependents. Sort the result by lname
SQL> */
SQL> SELECT E.Ssn, E.Lname
  2  FROM Employee E, Dependent D
  3  WHERE E.Ssn = D.Essn
  4  GROUP BY E.Ssn, E.Lname
  5  HAVING COUNT(*) > 1
  6  ORDER BY E.Lname;

SSN       LNAME                                                                 
--------- ---------------                                                       
123456789 Smith                                                                 
333445555 Wong                                                                  

SQL> --
SQL> /*(17B)
SQL> For every project that has more than 2 employees working on and the total hours worked on it is less than 40: Find the project number, project name, number of employees working on it,
SQL> and the total number of hours worked by all employees on that project. Sort the results by project number.
SQL> */
SQL> SELECT P.Pnumber, P.Pname, COUNT (*)
  2  FROM Employee E, Project P, WORKS_ON W
  3  WHERE E.Dno = P.Dnum AND
  4  	     E.Ssn = W.Essn AND
  5  	     P.Pnumber = W.Pno
  6  GROUP BY P.Pnumber, P.Pname
  7  ORDER BY P.Pnumber;

   PNUMBER PNAME             COUNT(*)                                           
---------- --------------- ----------                                           
         1 ProductX                 2                                           
         2 ProductY                 3                                           
         3 ProductZ                 2                                           
        10 Computerization          2                                           
        20 Reorganization           1                                           
        30 Newbenefits              3                                           

6 rows selected.

SQL> --
SQL> -- CORRELATED SUBQUERY --------------------------------
SQL> --
SQL> /*(18B)
SQL> For every employee whose salary is above the average salary in his department: Find the dno, ssn, lname, and salary. Sort the results by department number.
SQL> */
SQL> SELECT E.Dno, E.Ssn, E.Lname, E.Salary
  2  FROM Employee E
  3  WHERE E.Salary >
  4  	     (SELECT AVG(E.Salary)
  5  	     FROM Employee E)
  6  ORDER BY E.Dno;

       DNO SSN       LNAME               SALARY                                 
---------- --------- --------------- ----------                                 
         1 888665555 Borg                 55000                                 
         4 987654321 Wallace              43000                                 
         5 666884444 Narayan              38000                                 
         5 333445555 Wong                 40000                                 

SQL> --
SQL> -- CORRELATED SUBQUERY -------------------------------
SQL> --
SQL> /*(19B)
SQL> For every employee who works for the research department but does not work on any one project for more than 20 hours: Find the ssn and lname. Sort the results by lname
SQL> */
SQL> SELECT E.Ssn, E.Lname
  2  FROM Employee E
  3  WHERE
  4  	 (SELECT D.Dname FROM Department D WHERE D.Dnumber = E.Dno) = 'Research' AND
  5  	 (SELECT MAX(W.Hours) FROM WORKS_ON W WHERE W.Essn = E.Ssn) < 20
  6  ORDER BY E.Lname;

SSN       LNAME                                                                 
--------- ---------------                                                       
333445555 Wong                                                                  

SQL> --
SQL> -- DIVISION ---------------------------------------------
SQL> --
SQL> /*(20B) Hint: This is a DIVISION query
SQL> For every employee who works on every project that is controlled by department 4: Find the ssn and lname. Sort the results by lname
SQL> */
SQL> SELECT E.Ssn, E.Lname
  2  FROM Employee E
  3  WHERE
  4  	 (SELECT COUNT(*) FROM Works_On W WHERE
  5  	     W.Essn = E.Ssn AND
  6  	     (SELECT P.Dnum FROM Project P WHERE P.Pnumber = W.Pno) = 4) > 0
  7  ORDER BY E.Lname;

SSN       LNAME                                                                 
--------- ---------------                                                       
987987987 Jabbar                                                                
987654321 Wallace                                                               
333445555 Wong                                                                  
999887777 Zelaya                                                                

SQL> --
SQL> SET ECHO OFF
