SQL> --
SQL> -- Write a query to select the all of the album names in your collection.
SQL> --
SQL> SELECT title
  2  FROM albums;

TITLE                                                                           
--------------------------------------------------                              
Chicago 17                                                                      
Dont kill the magic                                                             

SQL> --
SQL> -- Write a query to select the all the track titles with a rating greater than or equal to 4.
SQL> --
SQL> SELECT title
  2  FROM tracks
  3  WHERE rating >= 4;

TITLE                                                                           
--------------------------------------------------                              
Your the Inspiration                                                            
Rude                                                                            

SQL> --
SQL> -- Write a query to return the number of artists in your music collection.
SQL> --
SQL> SELECT COUNT(*) AS ArtistCount
  2  FROM artist;

ARTISTCOUNT                                                                     
-----------                                                                     
          2                                                                     

SQL> --
SQL> -- Write a query to return the album_id and the average rating for the tracks in that album.
SQL> -- Hint: You only need the tracks table for this.
SQL> -- Output should be two columns: ALBUM_ID and the average rating.
SQL> --
SQL> SELECT avg(rating), album_id
  2  FROM tracks
  3  GROUP BY album_id;

AVG(RATING)   ALBUM_ID                                                          
----------- ----------                                                          
          5          1                                                          
          4          2                                                          

SQL> --
SQL> -- Write a query to return the album name and the artist name for that album.
SQL> --
SQL> SELECT A1.title, A2.fname, A2.lname
  2  FROM albums A1, artist A2
  3  WHERE A1.artist_id = A2.artist_id;

TITLE                                              FNAME                        
-------------------------------------------------- ---------------              
LNAME                                                                           
---------------                                                                 
Chicago 17                                                                      
Chicago                                                                         
                                                                                
Dont kill the magic                                                             
Chicago                                                                         
                                                                                

SQL> --
SQL> -- Write a query to return the album name and the average rating for the tracks in that album.
SQL> --
SQL> SELECT A.title, avg(T.rating)
  2  FROM albums A, tracks T
  3  WHERE A.album_id = T.album_id
  4  GROUP BY A.title;

TITLE                                              AVG(T.RATING)                
-------------------------------------------------- -------------                
Dont kill the magic                                            4                
Chicago 17                                                     5                

SQL> --
SQL> SET ECHO OFF
